<?xml version="1.0" encoding="UTF-8"?>
<!-- Generated by org.testng.reporters.JUnitReportReporter -->
<testsuite skipped="0" hostname="DESKTOP-QQTKP42" name="testNGsample.Priority" tests="1" failures="0" timestamp="30 Jun 2022 07:06:26 GMT" time="0.125" errors="0">
  <testcase name="fb" time="0.125" classname="testNGsample.Priority"/>
</testsuite> <!-- testNGsample.Priority -->
