<?xml version="1.0" encoding="UTF-8"?>
<!-- Generated by org.testng.reporters.JUnitReportReporter -->
<testsuite skipped="0" hostname="DESKTOP-QQTKP42" name="testNGsample.testnghotel" tests="2" failures="0" timestamp="01 Jul 2022 14:21:14 GMT" time="2.567" errors="0">
  <testcase name="fb" time="0.723" classname="testNGsample.testnghotel"/>
  <testcase name="searchHotels" time="1.844" classname="testNGsample.testnghotel"/>
</testsuite> <!-- testNGsample.testnghotel -->
