<?xml version="1.0" encoding="UTF-8"?>
<!-- Generated by org.testng.reporters.JUnitReportReporter -->
<testsuite skipped="0" hostname="DESKTOP-QQTKP42" name="testNGsample.sampletest" tests="3" failures="0" timestamp="25 Jun 2022 06:50:33 GMT" time="0.008" errors="0">
  <testcase name="Test1" time="0.004" classname="testNGsample.sampletest"/>
  <testcase name="Test2" time="0.001" classname="testNGsample.sampletest"/>
  <testcase name="Test3" time="0.003" classname="testNGsample.sampletest"/>
</testsuite> <!-- testNGsample.sampletest -->
